[0.341s] Invoking command in '/home/osada/ros2_ws/src/mypkg': PYTHONPATH=/home/osada/ros2_ws/src/mypkg/build/mypkg/prefix_override:/home/osada/ros2_ws/src/mypkg/install/mypkg/lib/python3.10/site-packages:${PYTHONPATH} /usr/bin/python3 setup.py egg_info --egg-base build/mypkg build --build-base /home/osada/ros2_ws/src/mypkg/build/mypkg/build install --record /home/osada/ros2_ws/src/mypkg/build/mypkg/install.log --single-version-externally-managed
[0.452s] running egg_info
[0.452s] writing build/mypkg/mypkg.egg-info/PKG-INFO
[0.452s] writing dependency_links to build/mypkg/mypkg.egg-info/dependency_links.txt
[0.453s] writing entry points to build/mypkg/mypkg.egg-info/entry_points.txt
[0.453s] writing requirements to build/mypkg/mypkg.egg-info/requires.txt
[0.453s] writing top-level names to build/mypkg/mypkg.egg-info/top_level.txt
[0.454s] reading manifest file 'build/mypkg/mypkg.egg-info/SOURCES.txt'
[0.454s] writing manifest file 'build/mypkg/mypkg.egg-info/SOURCES.txt'
[0.454s] running build
[0.454s] running build_py
[0.454s] copying mypkg/talker.py -> /home/osada/ros2_ws/src/mypkg/build/mypkg/build/lib/mypkg
[0.455s] running install
[0.455s] running install_lib
[0.455s] /usr/lib/python3/dist-packages/setuptools/command/install.py:34: SetuptoolsDeprecationWarning: setup.py install is deprecated. Use build and pip and other standards-based tools.
[0.455s]   warnings.warn(
[0.455s] copying /home/osada/ros2_ws/src/mypkg/build/mypkg/build/lib/mypkg/talker.py -> /home/osada/ros2_ws/src/mypkg/install/mypkg/lib/python3.10/site-packages/mypkg
[0.455s] byte-compiling /home/osada/ros2_ws/src/mypkg/install/mypkg/lib/python3.10/site-packages/mypkg/talker.py to talker.cpython-310.pyc
[0.455s] running install_data
[0.456s] running install_egg_info
[0.458s] removing '/home/osada/ros2_ws/src/mypkg/install/mypkg/lib/python3.10/site-packages/mypkg-0.0.0-py3.10.egg-info' (and everything under it)
[0.458s] Copying build/mypkg/mypkg.egg-info to /home/osada/ros2_ws/src/mypkg/install/mypkg/lib/python3.10/site-packages/mypkg-0.0.0-py3.10.egg-info
[0.458s] running install_scripts
[0.469s] Installing listener script to /home/osada/ros2_ws/src/mypkg/install/mypkg/lib/mypkg
[0.469s] Installing talker script to /home/osada/ros2_ws/src/mypkg/install/mypkg/lib/mypkg
[0.469s] writing list of installed files to '/home/osada/ros2_ws/src/mypkg/build/mypkg/install.log'
[0.484s] Invoked command in '/home/osada/ros2_ws/src/mypkg' returned '0': PYTHONPATH=/home/osada/ros2_ws/src/mypkg/build/mypkg/prefix_override:/home/osada/ros2_ws/src/mypkg/install/mypkg/lib/python3.10/site-packages:${PYTHONPATH} /usr/bin/python3 setup.py egg_info --egg-base build/mypkg build --build-base /home/osada/ros2_ws/src/mypkg/build/mypkg/build install --record /home/osada/ros2_ws/src/mypkg/build/mypkg/install.log --single-version-externally-managed
