[0.324s] Invoking command in '/home/osada/ros2_ws/src/mypkg': PYTHONPATH=/home/osada/ros2_ws/src/mypkg/build/mypkg/prefix_override:/home/osada/ros2_ws/src/mypkg/install/mypkg/lib/python3.10/site-packages:${PYTHONPATH} /usr/bin/python3 setup.py egg_info --egg-base build/mypkg build --build-base /home/osada/ros2_ws/src/mypkg/build/mypkg/build install --record /home/osada/ros2_ws/src/mypkg/build/mypkg/install.log --single-version-externally-managed
[0.429s] running egg_info
[0.429s] creating build/mypkg/mypkg.egg-info
[0.429s] writing build/mypkg/mypkg.egg-info/PKG-INFO
[0.429s] writing dependency_links to build/mypkg/mypkg.egg-info/dependency_links.txt
[0.429s] writing entry points to build/mypkg/mypkg.egg-info/entry_points.txt
[0.429s] writing requirements to build/mypkg/mypkg.egg-info/requires.txt
[0.429s] writing top-level names to build/mypkg/mypkg.egg-info/top_level.txt
[0.429s] writing manifest file 'build/mypkg/mypkg.egg-info/SOURCES.txt'
[0.430s] reading manifest file 'build/mypkg/mypkg.egg-info/SOURCES.txt'
[0.431s] writing manifest file 'build/mypkg/mypkg.egg-info/SOURCES.txt'
[0.431s] running build
[0.431s] running build_py
[0.431s] creating /home/osada/ros2_ws/src/mypkg/build/mypkg/build
[0.431s] creating /home/osada/ros2_ws/src/mypkg/build/mypkg/build/lib
[0.431s] creating /home/osada/ros2_ws/src/mypkg/build/mypkg/build/lib/mypkg
[0.431s] copying mypkg/__init__.py -> /home/osada/ros2_ws/src/mypkg/build/mypkg/build/lib/mypkg
[0.432s] copying mypkg/talker.py -> /home/osada/ros2_ws/src/mypkg/build/mypkg/build/lib/mypkg
[0.432s] /usr/lib/python3/dist-packages/setuptools/command/install.py:34: SetuptoolsDeprecationWarning: setup.py install is deprecated. Use build and pip and other standards-based tools.
[0.432s]   warnings.warn(
[0.432s] running install
[0.432s] running install_lib
[0.432s] creating /home/osada/ros2_ws/src/mypkg/install/mypkg/lib/python3.10/site-packages/mypkg
[0.432s] copying /home/osada/ros2_ws/src/mypkg/build/mypkg/build/lib/mypkg/__init__.py -> /home/osada/ros2_ws/src/mypkg/install/mypkg/lib/python3.10/site-packages/mypkg
[0.433s] copying /home/osada/ros2_ws/src/mypkg/build/mypkg/build/lib/mypkg/talker.py -> /home/osada/ros2_ws/src/mypkg/install/mypkg/lib/python3.10/site-packages/mypkg
[0.433s] byte-compiling /home/osada/ros2_ws/src/mypkg/install/mypkg/lib/python3.10/site-packages/mypkg/__init__.py to __init__.cpython-310.pyc
[0.433s] byte-compiling /home/osada/ros2_ws/src/mypkg/install/mypkg/lib/python3.10/site-packages/mypkg/talker.py to talker.cpython-310.pyc
[0.433s] running install_data
[0.433s] Sorry: IndentationError: expected an indented block after function definition on line 8 (talker.py, line 9)
[0.433s] creating /home/osada/ros2_ws/src/mypkg/install/mypkg/share/ament_index
[0.433s] creating /home/osada/ros2_ws/src/mypkg/install/mypkg/share/ament_index/resource_index
[0.434s] creating /home/osada/ros2_ws/src/mypkg/install/mypkg/share/ament_index/resource_index/packages
[0.434s] copying resource/mypkg -> /home/osada/ros2_ws/src/mypkg/install/mypkg/share/ament_index/resource_index/packages
[0.434s] copying package.xml -> /home/osada/ros2_ws/src/mypkg/install/mypkg/share/mypkg
[0.434s] running install_egg_info
[0.435s] Copying build/mypkg/mypkg.egg-info to /home/osada/ros2_ws/src/mypkg/install/mypkg/lib/python3.10/site-packages/mypkg-0.0.0-py3.10.egg-info
[0.436s] running install_scripts
[0.447s] Installing talker script to /home/osada/ros2_ws/src/mypkg/install/mypkg/lib/mypkg
[0.447s] writing list of installed files to '/home/osada/ros2_ws/src/mypkg/build/mypkg/install.log'
[0.462s] Invoked command in '/home/osada/ros2_ws/src/mypkg' returned '0': PYTHONPATH=/home/osada/ros2_ws/src/mypkg/build/mypkg/prefix_override:/home/osada/ros2_ws/src/mypkg/install/mypkg/lib/python3.10/site-packages:${PYTHONPATH} /usr/bin/python3 setup.py egg_info --egg-base build/mypkg build --build-base /home/osada/ros2_ws/src/mypkg/build/mypkg/build install --record /home/osada/ros2_ws/src/mypkg/build/mypkg/install.log --single-version-externally-managed
